Starting Vulkan...
Vulkan is now operating.
WARNING: [youtube] YouTube said: ERROR - Precondition check failed.
WARNING: [youtube] HTTP Error 400: Bad Request. Retrying (1/3)...
WARNING: [youtube] YouTube said: ERROR - Precondition check failed.
WARNING: [youtube] HTTP Error 400: Bad Request. Retrying (2/3)...
WARNING: [youtube] YouTube said: ERROR - Precondition check failed.
WARNING: [youtube] HTTP Error 400: Bad Request. Retrying (3/3)...
WARNING: [youtube] YouTube said: ERROR - Precondition check failed.
WARNING: [youtube] Unable to download API page: HTTP Error 400: Bad Request (caused by <HTTPError 400: 'Bad Request'>); please report this issue on  https://github.com/yt-dlp/yt-dlp/issues?q= , filling out the appropriate issue template. Confirm you are on the latest version using  yt-dlp -U
WARNING: [youtube] JNlXyQXmP7Q: nsig extraction failed: You may experience throttling for some formats
         Install PhantomJS to workaround the issue. Please download it from https://phantomjs.org/download.html
         n = OQnnzFh-qb0jMlPYRG ; player = https://www.youtube.com/s/player/178de1f2/player_ias.vflset/en_US/base.js
WARNING: [youtube] JNlXyQXmP7Q: nsig extraction failed: You may experience throttling for some formats
         Install PhantomJS to workaround the issue. Please download it from https://phantomjs.org/download.html
         n = OCpcfqxNZMVp1sM_yM ; player = https://www.youtube.com/s/player/178de1f2/player_ias.vflset/en_US/base.js
Task was destroyed but it is pending!
task: <Task pending name='Task-48' coro=<VoiceClient.poll_voice_ws() done, defined at /home/rutcito/.local/lib/python3.10/site-packages/discord/voice_client.py:463> wait_for=<Future pending cb=[Task.task_wakeup()]>>
Task was destroyed but it is pending!
task: <Task pending name='Task-53' coro=<Event.wait() done, defined at /usr/lib/python3.10/asyncio/locks.py:201> wait_for=<Future pending cb=[Task.task_wakeup()]>>
Task was destroyed but it is pending!
task: <Task pending name='Task-54' coro=<Event.wait() done, defined at /usr/lib/python3.10/asyncio/locks.py:201> wait_for=<Future pending cb=[Task.task_wakeup()]>>
WARNING: [youtube] YouTube said: ERROR - Precondition check failed.
WARNING: [youtube] HTTP Error 400: Bad Request. Retrying (1/3)...
WARNING: [youtube] YouTube said: ERROR - Precondition check failed.
WARNING: [youtube] HTTP Error 400: Bad Request. Retrying (2/3)...
WARNING: [youtube] YouTube said: ERROR - Precondition check failed.
WARNING: [youtube] HTTP Error 400: Bad Request. Retrying (3/3)...
WARNING: [youtube] YouTube said: ERROR - Precondition check failed.
WARNING: [youtube] Unable to download API page: HTTP Error 400: Bad Request (caused by <HTTPError 400: 'Bad Request'>); please report this issue on  https://github.com/yt-dlp/yt-dlp/issues?q= , filling out the appropriate issue template. Confirm you are on the latest version using  yt-dlp -U
WARNING: [youtube] GjgmOkPMVK8: nsig extraction failed: You may experience throttling for some formats
         Install PhantomJS to workaround the issue. Please download it from https://phantomjs.org/download.html
         n = 1wr9_-yrbAAs7uYWe9 ; player = https://www.youtube.com/s/player/178de1f2/player_ias.vflset/en_US/base.js
WARNING: [youtube] GjgmOkPMVK8: nsig extraction failed: You may experience throttling for some formats
         Install PhantomJS to workaround the issue. Please download it from https://phantomjs.org/download.html
         n = eztwPkJADPO1t8WE2U ; player = https://www.youtube.com/s/player/178de1f2/player_ias.vflset/en_US/base.js
[tls @ 0x5e0b4f7372c0] Error in the pull function.
[https @ 0x5e0b4f42e940] Will reconnect at 3915760 in 0 second(s), error=Input/output error.
Starting Player Process for Guild TESTING - AIDEN
[PROCESS PLAYER -> CONNECTING TO VOICE CHANNEL]
Player Process TESTING - AIDEN received command VCommandsType.PLAY
[PROCESS PLAYER -> VOICE CHANNEL NOT NULL BUT DISCONNECTED, CONNECTING AGAIN]
[PROCESS PLAYER -> CONNECTING TO VOICE CHANNEL]
Player Process TESTING - AIDEN received command VCommandsType.PLAY
Player Process TESTING - AIDEN received command VCommandsType.SKIP
Player Process TESTING - AIDEN received command VCommandsType.RESET
[PROCESS PLAYER -> CONNECTING TO VOICE CHANNEL]
av_interleaved_write_frame(): Broken pipe
Error writing trailer of pipe:1: Broken pipe
